d:\git_dams\dams\msvc\debug\vc120.pdb
d:\git_dams\dams\msvc\debug\vc120.idb
d:\git_dams\dams\msvc\debug\markup.obj
d:\git_dams\dams\msvc\debug\sqlite3_db_helper.obj
d:\git_dams\dams\msvc\debug\dbmanager.obj
d:\git_dams\dams\msvc\debug\hikdevice.obj
d:\git_dams\dams\msvc\debug\devicefactory.obj
d:\git_dams\dams\msvc\debug\devicemgr.obj
d:\git_dams\dams\msvc\debug\resourcestorage.obj
d:\git_dams\dams\msvc\debug\crash.obj
d:\git_dams\dams\msvc\debug\servercontrol.obj
d:\git_dams\dams\msvc\debug\serverentry.obj
d:\git_dams\dams\msvc\debug\config.obj
d:\git_dams\dams\msvc\debug\cclientsession.obj
d:\git_dams\dams\msvc\debug\cserversession.obj
d:\git_dams\dams\msvc\debug\messagehandler.obj
d:\git_dams\dams\msvc\debug\servermgr.obj
d:\git_dams\dams\msvc\debug\logger.obj
d:\git_dams\dams\msvc\debug\utils.obj
d:\git_dams\dams\msvc\debug\sqlite3.obj
d:\git_dams\dams\debug\dams.lib
d:\git_dams\dams\debug\dams.exp
d:\git_dams\dams\debug\dams.ilk
d:\git_dams\dams\debug\dams.exe
d:\git_dams\dams\debug\dams.pdb
d:\git_dams\dams\dams_2.0\dams.pdb
d:\git_dams\dams\dams_2.0\dams.exe
d:\git_dams\dams\dams_2.0\dams.ilk
d:\git_dams\dams\msvc\debug\dams.tlog\cl.command.1.tlog
d:\git_dams\dams\msvc\debug\dams.tlog\cl.read.1.tlog
d:\git_dams\dams\msvc\debug\dams.tlog\cl.write.1.tlog
d:\git_dams\dams\msvc\debug\dams.tlog\dams.write.1u.tlog
d:\git_dams\dams\msvc\debug\dams.tlog\link.command.1.tlog
d:\git_dams\dams\msvc\debug\dams.tlog\link.read.1.tlog
d:\git_dams\dams\msvc\debug\dams.tlog\link.write.1.tlog
